<?xml version="1.0" encoding="utf-8"?><testsuites name="pytest tests"><testsuite name="pytest" errors="0" failures="0" skipped="0" tests="145" time="7.791" timestamp="2025-12-02T12:01:56.846740+08:00" hostname="Adonis2"><testcase classname="tests.unit.services.snipers.tools.prompt_articulation.test_tool_intelligence.TestToolParameter" name="test_create_minimal_parameter" time="0.136" /><testcase classname="tests.unit.services.snipers.tools.prompt_articulation.test_tool_intelligence.TestToolParameter" name="test_create_parameter_with_all_fields" time="0.001" /><testcase classname="tests.unit.services.snipers.tools.prompt_articulation.test_tool_intelligence.TestToolParameter" name="test_parameter_optional_field" time="0.001" /><testcase classname="tests.unit.services.snipers.tools.prompt_articulation.test_tool_intelligence.TestToolParameter" name="test_parameter_with_default_value" time="0.001" /><testcase classname="tests.unit.services.snipers.tools.prompt_articulation.test_tool_intelligence.TestToolParameter" name="test_parameter_with_multiple_constraints" time="0.001" /><testcase classname="tests.unit.services.snipers.tools.prompt_articulation.test_tool_intelligence.TestToolParameter" name="test_parameter_missing_required_name" time="0.001" /><testcase classname="tests.unit.services.snipers.tools.prompt_articulation.test_tool_intelligence.TestToolParameter" name="test_parameter_missing_required_type" time="0.001" /><testcase classname="tests.unit.services.snipers.tools.prompt_articulation.test_tool_intelligence.TestToolSignature" name="test_create_minimal_tool_signature" time="0.001" /><testcase classname="tests.unit.services.snipers.tools.prompt_articulation.test_tool_intelligence.TestToolSignature" name="test_create_complete_tool_signature" time="0.001" /><testcase classname="tests.unit.services.snipers.tools.prompt_articulation.test_tool_intelligence.TestToolSignature" name="test_tool_signature_no_authorization" time="0.001" /><testcase classname="tests.unit.services.snipers.tools.prompt_articulation.test_tool_intelligence.TestToolSignature" name="test_tool_signature_with_parameters_list" time="0.001" /><testcase classname="tests.unit.services.snipers.tools.prompt_articulation.test_tool_intelligence.TestToolSignature" name="test_tool_signature_missing_tool_name" time="0.001" /><testcase classname="tests.unit.services.snipers.tools.prompt_articulation.test_tool_intelligence.TestReconIntelligence" name="test_create_empty_recon_intelligence" time="0.001" /><testcase classname="tests.unit.services.snipers.tools.prompt_articulation.test_tool_intelligence.TestReconIntelligence" name="test_create_recon_intelligence_with_tools" time="0.001" /><testcase classname="tests.unit.services.snipers.tools.prompt_articulation.test_tool_intelligence.TestReconIntelligence" name="test_recon_intelligence_with_metadata" time="0.001" /><testcase classname="tests.unit.services.snipers.tools.prompt_articulation.test_tool_intelligence.TestReconIntelligence" name="test_recon_intelligence_with_complete_data" time="0.001" /><testcase classname="tests.unit.services.snipers.tools.prompt_articulation.test_tool_intelligence.TestReconIntelligence" name="test_recon_intelligence_empty_content_filters" time="0.001" /><testcase classname="tests.unit.services.snipers.tools.prompt_articulation.test_tool_intelligence.TestReconIntelligence" name="test_recon_intelligence_multiple_tools_multiple_rules" time="0.001" /><testcase classname="tests.unit.services.snipers.tools.prompt_articulation.test_tool_intelligence.TestToolIntelligenceIntegration" name="test_realistic_e_commerce_tool_signatures" time="0.001" /><testcase classname="tests.unit.services.snipers.tools.prompt_articulation.test_tool_intelligence.TestToolIntelligenceIntegration" name="test_multi_tool_intelligence_banking_scenario" time="0.001" /><testcase classname="tests.unit.services.snipers.tools.prompt_articulation.test_prompt_tags.TestToolSignatureTag" name="test_basic_tool_signature_xml" time="0.001" /><testcase classname="tests.unit.services.snipers.tools.prompt_articulation.test_prompt_tags.TestToolSignatureTag" name="test_tool_signature_with_parameters" time="0.001" /><testcase classname="tests.unit.services.snipers.tools.prompt_articulation.test_prompt_tags.TestToolSignatureTag" name="test_tool_signature_with_format_constraints" time="0.001" /><testcase classname="tests.unit.services.snipers.tools.prompt_articulation.test_prompt_tags.TestToolSignatureTag" name="test_tool_signature_with_validation_pattern" time="0.001" /><testcase classname="tests.unit.services.snipers.tools.prompt_articulation.test_prompt_tags.TestToolSignatureTag" name="test_tool_signature_with_description" time="0.001" /><testcase classname="tests.unit.services.snipers.tools.prompt_articulation.test_prompt_tags.TestToolSignatureTag" name="test_tool_signature_with_business_rules" time="0.001" /><testcase classname="tests.unit.services.snipers.tools.prompt_articulation.test_prompt_tags.TestToolSignatureTag" name="test_tool_signature_rule_priority_inference" time="0.001" /><testcase classname="tests.unit.services.snipers.tools.prompt_articulation.test_prompt_tags.TestToolSignatureTag" name="test_tool_signature_with_example_calls" time="0.001" /><testcase classname="tests.unit.services.snipers.tools.prompt_articulation.test_prompt_tags.TestToolSignatureTag" name="test_tool_signature_xml_is_valid" time="0.001" /><testcase classname="tests.unit.services.snipers.tools.prompt_articulation.test_prompt_tags.TestToolSignatureTag" name="test_tool_signature_with_custom_priority" time="0.001" /><testcase classname="tests.unit.services.snipers.tools.prompt_articulation.test_prompt_tags.TestIntelligenceTag" name="test_basic_intelligence_tag" time="0.001" /><testcase classname="tests.unit.services.snipers.tools.prompt_articulation.test_prompt_tags.TestIntelligenceTag" name="test_intelligence_tag_with_model_info" time="0.001" /><testcase classname="tests.unit.services.snipers.tools.prompt_articulation.test_prompt_tags.TestIntelligenceTag" name="test_intelligence_tag_with_tools" time="0.001" /><testcase classname="tests.unit.services.snipers.tools.prompt_articulation.test_prompt_tags.TestIntelligenceTag" name="test_intelligence_tag_with_defense_signals" time="0.001" /><testcase classname="tests.unit.services.snipers.tools.prompt_articulation.test_prompt_tags.TestIntelligenceTag" name="test_intelligence_tag_severity_inference" time="0.001" /><testcase classname="tests.unit.services.snipers.tools.prompt_articulation.test_prompt_tags.TestIntelligenceTag" name="test_intelligence_tag_with_confidence" time="0.001" /><testcase classname="tests.unit.services.snipers.tools.prompt_articulation.test_prompt_tags.TestIntelligenceTag" name="test_intelligence_tag_complete_payload" time="0.001" /><testcase classname="tests.unit.services.snipers.tools.prompt_articulation.test_prompt_tags.TestIntelligenceTag" name="test_intelligence_tag_xml_valid" time="0.001" /><testcase classname="tests.unit.services.snipers.tools.prompt_articulation.test_prompt_tags.TestTaskTag" name="test_basic_task_tag" time="0.001" /><testcase classname="tests.unit.services.snipers.tools.prompt_articulation.test_prompt_tags.TestTaskTag" name="test_task_tag_with_priority" time="0.001" /><testcase classname="tests.unit.services.snipers.tools.prompt_articulation.test_prompt_tags.TestTaskTag" name="test_task_tag_with_type" time="0.001" /><testcase classname="tests.unit.services.snipers.tools.prompt_articulation.test_prompt_tags.TestTaskTag" name="test_task_tag_with_requirements" time="0.001" /><testcase classname="tests.unit.services.snipers.tools.prompt_articulation.test_prompt_tags.TestTaskTag" name="test_task_tag_complete" time="0.001" /><testcase classname="tests.unit.services.snipers.tools.prompt_articulation.test_prompt_tags.TestTaskTag" name="test_task_tag_xml_valid" time="0.001" /><testcase classname="tests.unit.services.snipers.tools.prompt_articulation.test_prompt_tags.TestOutputFormatTag" name="test_basic_output_format_tag" time="0.001" /><testcase classname="tests.unit.services.snipers.tools.prompt_articulation.test_prompt_tags.TestOutputFormatTag" name="test_output_format_with_example" time="0.001" /><testcase classname="tests.unit.services.snipers.tools.prompt_articulation.test_prompt_tags.TestOutputFormatTag" name="test_output_format_xml_valid" time="0.001" /><testcase classname="tests.unit.services.snipers.tools.prompt_articulation.test_prompt_tags.TestXMLTagIntegration" name="test_complete_tool_exploitation_xml" time="0.001" /><testcase classname="tests.unit.services.snipers.tools.prompt_articulation.test_prompt_tags.TestXMLTagIntegration" name="test_all_tags_together" time="0.001" /><testcase classname="tests.unit.services.snipers.tools.prompt_articulation.test_prompt_tags.TestXMLTagIntegration" name="test_nested_tool_signatures_in_intelligence" time="0.001" /><testcase classname="tests.unit.services.snipers.tools.prompt_articulation.test_recon_extractor.TestReconIntelligenceExtractor" name="test_extract_empty_blueprint" time="0.002" /><testcase classname="tests.unit.services.snipers.tools.prompt_articulation.test_recon_extractor.TestReconIntelligenceExtractor" name="test_extract_none_blueprint" time="0.002" /><testcase classname="tests.unit.services.snipers.tools.prompt_articulation.test_recon_extractor.TestReconIntelligenceExtractor" name="test_extract_basic_blueprint" time="0.002" /><testcase classname="tests.unit.services.snipers.tools.prompt_articulation.test_recon_extractor.TestReconIntelligenceExtractor" name="test_extract_tool_names" time="0.001" /><testcase classname="tests.unit.services.snipers.tools.prompt_articulation.test_recon_extractor.TestReconIntelligenceExtractor" name="test_extract_tool_descriptions" time="0.001" /><testcase classname="tests.unit.services.snipers.tools.prompt_articulation.test_recon_extractor.TestReconIntelligenceExtractor" name="test_extract_tool_arguments_as_parameters" time="0.001" /><testcase classname="tests.unit.services.snipers.tools.prompt_articulation.test_recon_extractor.TestReconIntelligenceExtractor" name="test_extract_authorization_requirements" time="0.001" /><testcase classname="tests.unit.services.snipers.tools.prompt_articulation.test_recon_extractor.TestReconIntelligenceExtractor" name="test_extract_business_rules" time="0.001" /><testcase classname="tests.unit.services.snipers.tools.prompt_articulation.test_recon_extractor.TestReconIntelligenceExtractor" name="test_extract_example_calls" time="0.001" /><testcase classname="tests.unit.services.snipers.tools.prompt_articulation.test_recon_extractor.TestReconIntelligenceExtractor" name="test_extract_content_filters_from_rate_limits" time="0.001" /><testcase classname="tests.unit.services.snipers.tools.prompt_articulation.test_recon_extractor.TestReconIntelligenceExtractor" name="test_extract_content_filters_from_auth" time="0.001" /><testcase classname="tests.unit.services.snipers.tools.prompt_articulation.test_recon_extractor.TestReconIntelligenceExtractor" name="test_extract_content_filters_from_system_prompt_leak" time="0.001" /><testcase classname="tests.unit.services.snipers.tools.prompt_articulation.test_recon_extractor.TestReconIntelligenceExtractor" name="test_extract_detailed_parameters" time="0.002" /><testcase classname="tests.unit.services.snipers.tools.prompt_articulation.test_recon_extractor.TestReconIntelligenceExtractor" name="test_extract_inferred_format_from_description" time="0.001" /><testcase classname="tests.unit.services.snipers.tools.prompt_articulation.test_recon_extractor.TestReconIntelligenceExtractor" name="test_extract_constraints_as_business_rules" time="0.001" /><testcase classname="tests.unit.services.snipers.tools.prompt_articulation.test_recon_extractor.TestReconIntelligenceExtractor" name="test_extract_raw_intelligence_preserved" time="0.001" /><testcase classname="tests.unit.services.snipers.tools.prompt_articulation.test_recon_extractor.TestParameterExtraction" name="test_extract_simple_string_arguments" time="0.001" /><testcase classname="tests.unit.services.snipers.tools.prompt_articulation.test_recon_extractor.TestParameterExtraction" name="test_extract_dict_arguments" time="0.001" /><testcase classname="tests.unit.services.snipers.tools.prompt_articulation.test_recon_extractor.TestParameterExtraction" name="test_extract_parameters_dict" time="0.001" /><testcase classname="tests.unit.services.snipers.tools.prompt_articulation.test_recon_extractor.TestParameterExtraction" name="test_extract_parameter_with_default_value" time="0.001" /><testcase classname="tests.unit.services.snipers.tools.prompt_articulation.test_recon_extractor.TestFormatInference" name="test_infer_txn_format" time="0.001" /><testcase classname="tests.unit.services.snipers.tools.prompt_articulation.test_recon_extractor.TestFormatInference" name="test_infer_order_format" time="0.001" /><testcase classname="tests.unit.services.snipers.tools.prompt_articulation.test_recon_extractor.TestFormatInference" name="test_infer_uuid_format" time="0.001" /><testcase classname="tests.unit.services.snipers.tools.prompt_articulation.test_recon_extractor.TestFormatInference" name="test_infer_email_format" time="0.001" /><testcase classname="tests.unit.services.snipers.tools.prompt_articulation.test_recon_extractor.TestBusinessRuleExtraction" name="test_extract_explicit_business_rules" time="0.001" /><testcase classname="tests.unit.services.snipers.tools.prompt_articulation.test_recon_extractor.TestBusinessRuleExtraction" name="test_extract_constraints_as_rules" time="0.001" /><testcase classname="tests.unit.services.snipers.tools.prompt_articulation.test_recon_extractor.TestBusinessRuleExtraction" name="test_extract_validation_as_rules" time="0.001" /><testcase classname="tests.unit.services.snipers.tools.prompt_articulation.test_recon_extractor.TestBusinessRuleExtraction" name="test_extract_vulnerabilities_as_rules" time="0.002" /><testcase classname="tests.unit.services.snipers.tools.prompt_articulation.test_recon_extractor.TestEdgeCases" name="test_extract_tool_missing_name" time="0.001" /><testcase classname="tests.unit.services.snipers.tools.prompt_articulation.test_recon_extractor.TestEdgeCases" name="test_extract_tool_non_dict_in_list" time="0.001" /><testcase classname="tests.unit.services.snipers.tools.prompt_articulation.test_recon_extractor.TestEdgeCases" name="test_extract_parameter_missing_name" time="0.001" /><testcase classname="tests.unit.services.snipers.tools.prompt_articulation.test_recon_extractor.TestEdgeCases" name="test_extract_infrastructure_missing_fields" time="0.001" /><testcase classname="tests.unit.services.snipers.tools.prompt_articulation.test_recon_extractor.TestEdgeCases" name="test_extract_auth_structure_missing_fields" time="0.001" /><testcase classname="tests.unit.services.snipers.tools.prompt_articulation.test_recon_extractor.TestEdgeCases" name="test_extract_empty_detected_tools_list" time="0.001" /><testcase classname="tests.unit.services.snipers.tools.prompt_articulation.test_recon_extractor.TestEdgeCases" name="test_extract_multiple_tools_with_mixed_data" time="0.001" /><testcase classname="tests.unit.services.snipers.tools.prompt_articulation.test_tagged_prompt_builder.TestTaggedPromptBuilder" name="test_build_tool_exploitation_prompt" time="0.001" /><testcase classname="tests.unit.services.snipers.tools.prompt_articulation.test_tagged_prompt_builder.TestTaggedPromptBuilder" name="test_prompt_contains_system_context" time="0.001" /><testcase classname="tests.unit.services.snipers.tools.prompt_articulation.test_tagged_prompt_builder.TestTaggedPromptBuilder" name="test_prompt_contains_intelligence_section" time="0.002" /><testcase classname="tests.unit.services.snipers.tools.prompt_articulation.test_tagged_prompt_builder.TestTaggedPromptBuilder" name="test_prompt_contains_attack_objective" time="0.002" /><testcase classname="tests.unit.services.snipers.tools.prompt_articulation.test_tagged_prompt_builder.TestTaggedPromptBuilder" name="test_prompt_contains_task_section" time="0.001" /><testcase classname="tests.unit.services.snipers.tools.prompt_articulation.test_tagged_prompt_builder.TestTaggedPromptBuilder" name="test_prompt_contains_output_format" time="0.002" /><testcase classname="tests.unit.services.snipers.tools.prompt_articulation.test_tagged_prompt_builder.TestTaggedPromptBuilder" name="test_prompt_references_discovered_tools" time="0.001" /><testcase classname="tests.unit.services.snipers.tools.prompt_articulation.test_tagged_prompt_builder.TestTaggedPromptBuilder" name="test_prompt_includes_format_constraints" time="0.001" /><testcase classname="tests.unit.services.snipers.tools.prompt_articulation.test_tagged_prompt_builder.TestTaggedPromptBuilder" name="test_prompt_with_multiple_payload_count" time="0.002" /><testcase classname="tests.unit.services.snipers.tools.prompt_articulation.test_tagged_prompt_builder.TestTaggedPromptBuilder" name="test_prompt_with_multiple_tools" time="0.001" /><testcase classname="tests.unit.services.snipers.tools.prompt_articulation.test_tagged_prompt_builder.TestTaggedPromptBuilder" name="test_prompt_includes_business_rules" time="0.002" /><testcase classname="tests.unit.services.snipers.tools.prompt_articulation.test_tagged_prompt_builder.TestTaggedPromptBuilder" name="test_prompt_is_valid_xml_sections" time="0.001" /><testcase classname="tests.unit.services.snipers.tools.prompt_articulation.test_tagged_prompt_builder.TestSystemContextBuilding" name="test_system_context_includes_critical_rules" time="0.001" /><testcase classname="tests.unit.services.snipers.tools.prompt_articulation.test_tagged_prompt_builder.TestSystemContextBuilding" name="test_system_context_references_tool_signatures" time="0.001" /><testcase classname="tests.unit.services.snipers.tools.prompt_articulation.test_tagged_prompt_builder.TestSystemContextBuilding" name="test_system_context_references_business_rules" time="0.001" /><testcase classname="tests.unit.services.snipers.tools.prompt_articulation.test_tagged_prompt_builder.TestIntelligenceSectionBuilding" name="test_intelligence_section_includes_target_url" time="0.001" /><testcase classname="tests.unit.services.snipers.tools.prompt_articulation.test_tagged_prompt_builder.TestIntelligenceSectionBuilding" name="test_intelligence_section_includes_model" time="0.001" /><testcase classname="tests.unit.services.snipers.tools.prompt_articulation.test_tagged_prompt_builder.TestIntelligenceSectionBuilding" name="test_intelligence_section_includes_database" time="0.001" /><testcase classname="tests.unit.services.snipers.tools.prompt_articulation.test_tagged_prompt_builder.TestIntelligenceSectionBuilding" name="test_intelligence_section_includes_tools" time="0.001" /><testcase classname="tests.unit.services.snipers.tools.prompt_articulation.test_tagged_prompt_builder.TestIntelligenceSectionBuilding" name="test_intelligence_section_includes_defense_signals" time="0.001" /><testcase classname="tests.unit.services.snipers.tools.prompt_articulation.test_tagged_prompt_builder.TestObjectiveSectionBuilding" name="test_objective_section_includes_goal" time="0.001" /><testcase classname="tests.unit.services.snipers.tools.prompt_articulation.test_tagged_prompt_builder.TestObjectiveSectionBuilding" name="test_objective_section_includes_framing" time="0.001" /><testcase classname="tests.unit.services.snipers.tools.prompt_articulation.test_tagged_prompt_builder.TestObjectiveSectionBuilding" name="test_objective_section_includes_success_criteria" time="0.001" /><testcase classname="tests.unit.services.snipers.tools.prompt_articulation.test_tagged_prompt_builder.TestTaskSectionBuilding" name="test_task_section_includes_instructions" time="0.001" /><testcase classname="tests.unit.services.snipers.tools.prompt_articulation.test_tagged_prompt_builder.TestTaskSectionBuilding" name="test_task_section_includes_payload_count" time="0.001" /><testcase classname="tests.unit.services.snipers.tools.prompt_articulation.test_tagged_prompt_builder.TestTaskSectionBuilding" name="test_task_section_includes_requirements" time="0.001" /><testcase classname="tests.unit.services.snipers.tools.prompt_articulation.test_tagged_prompt_builder.TestTaskSectionBuilding" name="test_task_section_extracts_format_requirements" time="0.001" /><testcase classname="tests.unit.services.snipers.tools.prompt_articulation.test_tagged_prompt_builder.TestTaskSectionBuilding" name="test_task_section_with_multiple_tools" time="0.001" /><testcase classname="tests.unit.services.snipers.tools.prompt_articulation.test_tagged_prompt_builder.TestRequirementExtraction" name="test_extract_format_requirements" time="0.001" /><testcase classname="tests.unit.services.snipers.tools.prompt_articulation.test_tagged_prompt_builder.TestRequirementExtraction" name="test_extract_business_rule_requirements" time="0.001" /><testcase classname="tests.unit.services.snipers.tools.prompt_articulation.test_tagged_prompt_builder.TestRequirementExtraction" name="test_extract_requirements_limits_to_five" time="0.001" /><testcase classname="tests.unit.services.snipers.tools.prompt_articulation.test_tagged_prompt_builder.TestRequirementExtraction" name="test_extract_requirements_from_multiple_tools" time="0.001" /><testcase classname="tests.unit.services.snipers.tools.prompt_articulation.test_tagged_prompt_builder.TestOutputSectionBuilding" name="test_output_section_includes_format" time="0.001" /><testcase classname="tests.unit.services.snipers.tools.prompt_articulation.test_tagged_prompt_builder.TestOutputSectionBuilding" name="test_output_section_includes_count" time="0.001" /><testcase classname="tests.unit.services.snipers.tools.prompt_articulation.test_tagged_prompt_builder.TestOutputSectionBuilding" name="test_output_section_includes_example" time="0.001" /><testcase classname="tests.unit.services.snipers.tools.prompt_articulation.test_tagged_prompt_builder.TestTaggedPromptIntegration" name="test_end_to_end_tool_exploitation_prompt" time="0.002" /><testcase classname="tests.unit.services.snipers.tools.prompt_articulation.test_tagged_prompt_builder.TestTaggedPromptIntegration" name="test_prompt_structure_is_coherent" time="0.001" /><testcase classname="tests.unit.services.snipers.tools.prompt_articulation.test_tagged_prompt_builder.TestTaggedPromptIntegration" name="test_prompt_includes_all_tool_details" time="0.001" /><testcase classname="tests.unit.services.snipers.tools.prompt_articulation.test_tagged_prompt_builder.TestTaggedPromptIntegration" name="test_prompt_with_empty_filters" time="0.001" /><testcase classname="tests.unit.services.snipers.tools.prompt_articulation.test_tagged_prompt_builder.TestTaggedPromptIntegration" name="test_prompt_with_many_tools" time="0.001" /><testcase classname="tests.unit.services.snipers.tools.prompt_articulation.test_tagged_prompt_integration.TestReconToIntelligencePipeline" name="test_extract_if02_blueprint_to_recon_intelligence" time="0.001" /><testcase classname="tests.unit.services.snipers.tools.prompt_articulation.test_tagged_prompt_integration.TestReconToIntelligencePipeline" name="test_extracted_tools_have_proper_parameters" time="0.002" /><testcase classname="tests.unit.services.snipers.tools.prompt_articulation.test_tagged_prompt_integration.TestReconToIntelligencePipeline" name="test_extracted_tools_include_business_rules" time="0.001" /><testcase classname="tests.unit.services.snipers.tools.prompt_articulation.test_tagged_prompt_integration.TestIntelligenceToPromptPipeline" name="test_build_prompt_from_extracted_intelligence" time="0.002" /><testcase classname="tests.unit.services.snipers.tools.prompt_articulation.test_tagged_prompt_integration.TestIntelligenceToPromptPipeline" name="test_prompt_includes_all_extracted_tools" time="0.002" /><testcase classname="tests.unit.services.snipers.tools.prompt_articulation.test_tagged_prompt_integration.TestIntelligenceToPromptPipeline" name="test_prompt_respects_authorization_requirements" time="0.002" /><testcase classname="tests.unit.services.snipers.tools.prompt_articulation.test_tagged_prompt_integration.TestPayloadContextIntegration" name="test_payload_context_with_recon_intelligence" time="0.002" /><testcase classname="tests.unit.services.snipers.tools.prompt_articulation.test_tagged_prompt_integration.TestPayloadContextIntegration" name="test_payload_context_to_dict_includes_recon_tools" time="0.002" /><testcase classname="tests.unit.services.snipers.tools.prompt_articulation.test_tagged_prompt_integration.TestPayloadContextIntegration" name="test_payload_context_recon_tools_include_parameters" time="0.002" /><testcase classname="tests.unit.services.snipers.tools.prompt_articulation.test_tagged_prompt_integration.TestPayloadContextIntegration" name="test_payload_context_recon_tools_include_business_rules" time="0.002" /><testcase classname="tests.unit.services.snipers.tools.prompt_articulation.test_tagged_prompt_integration.TestCompleteReconToPayloadPipeline" name="test_full_pipeline_if02_to_context_to_prompt" time="0.005" /><testcase classname="tests.unit.services.snipers.tools.prompt_articulation.test_tagged_prompt_integration.TestCompleteReconToPayloadPipeline" name="test_pipeline_preserves_all_tool_metadata" time="0.002" /><testcase classname="tests.unit.services.snipers.tools.prompt_articulation.test_tagged_prompt_integration.TestCompleteReconToPayloadPipeline" name="test_multiple_extraction_scenarios" time="0.002" /><testcase classname="tests.unit.services.snipers.tools.prompt_articulation.test_tagged_prompt_integration.TestErrorHandlingInPipeline" name="test_extract_with_malformed_tools_list" time="0.001" /><testcase classname="tests.unit.services.snipers.tools.prompt_articulation.test_tagged_prompt_integration.TestErrorHandlingInPipeline" name="test_build_prompt_with_empty_tools" time="0.001" /><testcase classname="tests.unit.services.snipers.tools.prompt_articulation.test_tagged_prompt_integration.TestErrorHandlingInPipeline" name="test_context_with_none_recon_intelligence" time="0.001" /><testcase classname="tests.unit.services.snipers.tools.prompt_articulation.test_tagged_prompt_integration.TestErrorHandlingInPipeline" name="test_extract_tool_missing_name_field" time="0.001" /><testcase classname="tests.unit.services.snipers.tools.prompt_articulation.test_tagged_prompt_integration.TestErrorHandlingInPipeline" name="test_extract_parameter_with_missing_name" time="0.001" /><testcase classname="tests.unit.services.snipers.tools.prompt_articulation.test_tagged_prompt_integration.TestRealWorldScenarios" name="test_ecommerce_refund_scenario" time="0.002" /><testcase classname="tests.unit.services.snipers.tools.prompt_articulation.test_tagged_prompt_integration.TestRealWorldScenarios" name="test_banking_transfer_scenario" time="0.002" /></testsuite></testsuites>