<?xml version="1.0" encoding="utf-8"?><testsuites name="pytest tests"><testsuite name="pytest" errors="0" failures="0" skipped="0" tests="28" time="2.822" timestamp="2025-12-11T16:58:29.638111+08:00" hostname="Adonis2"><testcase classname="tests.bypass_knowledge.test_integration.TestBypassKnowledgeConfig" name="test_default_values" time="0.002" /><testcase classname="tests.bypass_knowledge.test_integration.TestBypassKnowledgeConfig" name="test_from_env_enabled_false" time="0.003" /><testcase classname="tests.bypass_knowledge.test_integration.TestBypassKnowledgeConfig" name="test_from_env_log_only_true" time="0.002" /><testcase classname="tests.bypass_knowledge.test_integration.TestBypassKnowledgeConfig" name="test_singleton_cached" time="0.001" /><testcase classname="tests.bypass_knowledge.test_integration.TestHistoryContext" name="test_to_prompt_context_empty" time="0.001" /><testcase classname="tests.bypass_knowledge.test_integration.TestHistoryContext" name="test_to_prompt_context_with_insight" time="0.001" /><testcase classname="tests.bypass_knowledge.test_integration.TestHistoryContext" name="test_to_prompt_context_with_empty_insight" time="0.001" /><testcase classname="tests.bypass_knowledge.test_integration.TestCaptureResult" name="test_str_not_captured" time="0.001" /><testcase classname="tests.bypass_knowledge.test_integration.TestCaptureResult" name="test_str_captured_stored" time="0.001" /><testcase classname="tests.bypass_knowledge.test_integration.TestCaptureResult" name="test_str_captured_local_only" time="0.001" /><testcase classname="tests.bypass_knowledge.test_integration.TestBypassKnowledgeLogger" name="test_log_query_creates_file" time="0.013" /><testcase classname="tests.bypass_knowledge.test_integration.TestBypassKnowledgeLogger" name="test_log_capture_creates_file" time="0.011" /><testcase classname="tests.bypass_knowledge.test_integration.TestBypassKnowledgeLogger" name="test_log_injection_creates_file" time="0.013" /><testcase classname="tests.bypass_knowledge.test_integration.TestBypassKnowledgeLogger" name="test_directory_structure" time="0.003" /><testcase classname="tests.bypass_knowledge.test_integration.TestAdaptNodeHook" name="test_query_history_disabled" time="0.009" /><testcase classname="tests.bypass_knowledge.test_integration.TestAdaptNodeHook" name="test_query_history_log_only" time="0.007" /><testcase classname="tests.bypass_knowledge.test_integration.TestAdaptNodeHook" name="test_query_history_with_mocked_processor" time="0.008" /><testcase classname="tests.bypass_knowledge.test_integration.TestAdaptNodeHook" name="test_extract_fingerprint" time="0.002" /><testcase classname="tests.bypass_knowledge.test_integration.TestAdaptNodeHook" name="test_flatten_converter_chains" time="0.001" /><testcase classname="tests.bypass_knowledge.test_integration.TestAdaptNodeHook" name="test_should_apply_boost" time="0.002" /><testcase classname="tests.bypass_knowledge.test_integration.TestEvaluateNodeHook" name="test_maybe_capture_disabled" time="0.003" /><testcase classname="tests.bypass_knowledge.test_integration.TestEvaluateNodeHook" name="test_maybe_capture_not_successful" time="0.005" /><testcase classname="tests.bypass_knowledge.test_integration.TestEvaluateNodeHook" name="test_maybe_capture_below_threshold" time="0.005" /><testcase classname="tests.bypass_knowledge.test_integration.TestEvaluateNodeHook" name="test_maybe_capture_log_only" time="0.006" /><testcase classname="tests.bypass_knowledge.test_integration.TestEvaluateNodeHook" name="test_should_capture_success_criteria" time="0.002" /><testcase classname="tests.bypass_knowledge.test_integration.TestEvaluateNodeHook" name="test_build_episode_preview" time="0.001" /><testcase classname="tests.bypass_knowledge.test_integration.TestIntegrationFullFlow" name="test_full_adapt_flow_log_only" time="0.009" /><testcase classname="tests.bypass_knowledge.test_integration.TestIntegrationFullFlow" name="test_full_evaluate_flow_log_only" time="0.007" /></testsuite></testsuites>