<?xml version="1.0" encoding="utf-8"?><testsuites name="pytest tests"><testsuite name="pytest" errors="0" failures="0" skipped="0" tests="5" time="9.264" timestamp="2025-12-01T18:36:15.763535+08:00" hostname="Adonis2"><testcase classname="tests.unit.services.snipers.test_entrypoint_stream.TestFullAttackStreaming" name="test_full_attack_streaming_yields_events" time="1.107" /><testcase classname="tests.unit.services.snipers.test_entrypoint_stream.TestFullAttackStreaming" name="test_full_attack_streaming_with_framing_types" time="0.006" /><testcase classname="tests.unit.services.snipers.test_entrypoint_stream.TestAdaptiveAttackStreaming" name="test_adaptive_attack_streaming_yields_events" time="0.002" /><testcase classname="tests.unit.services.snipers.test_entrypoint_stream.TestAdaptiveAttackStreaming" name="test_adaptive_attack_streaming_with_success_scorers" time="0.002" /><testcase classname="tests.unit.services.snipers.test_entrypoint_stream.TestAdaptiveAttackStreaming" name="test_adaptive_attack_streaming_with_custom_config" time="0.002" /></testsuite></testsuites>