<?xml version="1.0" encoding="utf-8"?><testsuites name="pytest tests"><testsuite name="pytest" errors="0" failures="0" skipped="0" tests="16" time="2.390" timestamp="2025-12-07T22:39:39.926302+08:00" hostname="Adonis2"><testcase classname="tests.bypass_knowledge.test_models.TestFailureDepth" name="test_enum_values" time="0.109" /><testcase classname="tests.bypass_knowledge.test_models.TestFailureDepth" name="test_string_conversion" time="0.001" /><testcase classname="tests.bypass_knowledge.test_models.TestHypothesis" name="test_create_hypothesis" time="0.001" /><testcase classname="tests.bypass_knowledge.test_models.TestHypothesis" name="test_confidence_bounds" time="0.001" /><testcase classname="tests.bypass_knowledge.test_models.TestProbeResult" name="test_create_probe" time="0.001" /><testcase classname="tests.bypass_knowledge.test_models.TestProbeResult" name="test_latency_non_negative" time="0.001" /><testcase classname="tests.bypass_knowledge.test_models.TestBypassEpisode" name="test_create_minimal_episode" time="0.001" /><testcase classname="tests.bypass_knowledge.test_models.TestBypassEpisode" name="test_episode_with_probes" time="0.001" /><testcase classname="tests.bypass_knowledge.test_models.TestBypassEpisode" name="test_episode_with_hypotheses" time="0.001" /><testcase classname="tests.bypass_knowledge.test_models.TestBypassEpisode" name="test_jailbreak_score_bounds" time="0.001" /><testcase classname="tests.bypass_knowledge.test_models.TestBypassEpisode" name="test_episode_json_serialization" time="0.001" /><testcase classname="tests.bypass_knowledge.test_models.TestTechniqueStats" name="test_create_stats" time="0.000" /><testcase classname="tests.bypass_knowledge.test_models.TestTechniqueStats" name="test_success_rate_bounds" time="0.001" /><testcase classname="tests.bypass_knowledge.test_models.TestHistoricalInsight" name="test_create_insight" time="0.001" /><testcase classname="tests.bypass_knowledge.test_models.TestHistoricalInsight" name="test_empty_insight" time="0.001" /><testcase classname="tests.bypass_knowledge.test_models.TestHistoricalInsight" name="test_insight_json_serialization" time="0.001" /></testsuite></testsuites>