<?xml version="1.0" encoding="utf-8"?><testsuites name="pytest tests"><testsuite name="pytest" errors="0" failures="0" skipped="0" tests="29" time="8.278" timestamp="2025-12-07T02:38:39.094679+08:00" hostname="Adonis2"><testcase classname="tests.unit.services.snipers.tools.prompt_articulation.test_components.TestFormatControl" name="test_get_phrase_raw_output" time="0.106" /><testcase classname="tests.unit.services.snipers.tools.prompt_articulation.test_components.TestFormatControl" name="test_get_phrase_all_types" time="0.001" /><testcase classname="tests.unit.services.snipers.tools.prompt_articulation.test_components.TestFormatControl" name="test_get_random_phrase" time="0.001" /><testcase classname="tests.unit.services.snipers.tools.prompt_articulation.test_components.TestFormatControl" name="test_get_random_phrase_with_type" time="0.001" /><testcase classname="tests.unit.services.snipers.tools.prompt_articulation.test_components.TestFormatControl" name="test_get_all_phrases" time="0.001" /><testcase classname="tests.unit.services.snipers.tools.prompt_articulation.test_components.TestFramingLibrary" name="test_framing_library_creation" time="0.001" /><testcase classname="tests.unit.services.snipers.tools.prompt_articulation.test_components.TestFramingLibrary" name="test_get_strategy" time="0.001" /><testcase classname="tests.unit.services.snipers.tools.prompt_articulation.test_components.TestFramingLibrary" name="test_get_strategy_invalid" time="0.001" /><testcase classname="tests.unit.services.snipers.tools.prompt_articulation.test_components.TestFramingLibrary" name="test_select_optimal_strategy_healthcare" time="0.001" /><testcase classname="tests.unit.services.snipers.tools.prompt_articulation.test_components.TestFramingLibrary" name="test_select_optimal_strategy_general" time="0.001" /><testcase classname="tests.unit.services.snipers.tools.prompt_articulation.test_components.TestFramingLibrary" name="test_select_optimal_strategy_exclude_high_risk" time="0.001" /><testcase classname="tests.unit.services.snipers.tools.prompt_articulation.test_components.TestFramingLibrary" name="test_list_strategies" time="0.001" /><testcase classname="tests.unit.services.snipers.tools.prompt_articulation.test_components.TestFramingLibrary" name="test_framing_library_with_effectiveness_provider" time="0.002" /><testcase classname="tests.unit.services.snipers.tools.prompt_articulation.test_components.TestEffectivenessTracker" name="test_tracker_creation" time="0.001" /><testcase classname="tests.unit.services.snipers.tools.prompt_articulation.test_components.TestEffectivenessTracker" name="test_load_history_no_persistence" time="0.005" /><testcase classname="tests.unit.services.snipers.tools.prompt_articulation.test_components.TestEffectivenessTracker" name="test_record_attempt" time="0.001" /><testcase classname="tests.unit.services.snipers.tools.prompt_articulation.test_components.TestEffectivenessTracker" name="test_record_multiple_attempts" time="0.002" /><testcase classname="tests.unit.services.snipers.tools.prompt_articulation.test_components.TestEffectivenessTracker" name="test_get_success_rate" time="0.002" /><testcase classname="tests.unit.services.snipers.tools.prompt_articulation.test_components.TestEffectivenessTracker" name="test_get_success_rate_no_data" time="0.001" /><testcase classname="tests.unit.services.snipers.tools.prompt_articulation.test_components.TestEffectivenessTracker" name="test_get_summary" time="0.001" /><testcase classname="tests.unit.services.snipers.tools.prompt_articulation.test_components.TestEffectivenessTracker" name="test_summary_average_score" time="0.001" /><testcase classname="tests.unit.services.snipers.tools.prompt_articulation.test_components.TestEffectivenessTracker" name="test_save_without_persistence" time="0.002" /><testcase classname="tests.unit.services.snipers.tools.prompt_articulation.test_components.TestEffectivenessTracker" name="test_get_summary_json" time="0.001" /><testcase classname="tests.unit.services.snipers.tools.prompt_articulation.test_components.TestGeneratedPayloadResponse" name="test_generated_payload_response_creation" time="0.001" /><testcase classname="tests.unit.services.snipers.tools.prompt_articulation.test_components.TestGeneratedPayloadResponse" name="test_generated_payload_response_validation" time="0.001" /><testcase classname="tests.unit.services.snipers.tools.prompt_articulation.test_components.TestPayloadGenerator" name="test_payload_generator_creation" time="0.723" /><testcase classname="tests.unit.services.snipers.tools.prompt_articulation.test_components.TestPayloadGenerator" name="test_articulated_payload_model" time="0.001" /><testcase classname="tests.unit.services.snipers.tools.prompt_articulation.test_components.TestPayloadGenerator" name="test_payload_generator_extract_payload_from_structured_response" time="0.002" /><testcase classname="tests.unit.services.snipers.tools.prompt_articulation.test_components.TestPayloadGenerator" name="test_payload_generator_extract_payload_fallback_to_messages" time="0.001" /></testsuite></testsuites>