<?xml version="1.0" encoding="utf-8"?><testsuites name="pytest tests"><testsuite name="pytest" errors="0" failures="0" skipped="0" tests="20" time="17.844" timestamp="2025-12-02T18:20:17.291095+08:00" hostname="Adonis2"><testcase classname="tests.unit.services.snipers.utils.prompt_articulation.extractors.test_system_prompt_extraction.TestSystemPromptExtraction" name="test_extract_self_description_i_am_pattern" time="0.142" /><testcase classname="tests.unit.services.snipers.utils.prompt_articulation.extractors.test_system_prompt_extraction.TestSystemPromptExtraction" name="test_extract_self_description_can_only_help_pattern" time="0.001" /><testcase classname="tests.unit.services.snipers.utils.prompt_articulation.extractors.test_system_prompt_extraction.TestSystemPromptExtraction" name="test_extract_self_description_as_a_pattern" time="0.001" /><testcase classname="tests.unit.services.snipers.utils.prompt_articulation.extractors.test_system_prompt_extraction.TestSystemPromptExtraction" name="test_extract_self_description_designed_to_help_pattern" time="0.001" /><testcase classname="tests.unit.services.snipers.utils.prompt_articulation.extractors.test_system_prompt_extraction.TestSystemPromptExtraction" name="test_extract_self_description_no_match" time="0.001" /><testcase classname="tests.unit.services.snipers.utils.prompt_articulation.extractors.test_system_prompt_extraction.TestSystemPromptExtraction" name="test_extract_self_description_multiple_responses" time="0.001" /><testcase classname="tests.unit.services.snipers.utils.prompt_articulation.extractors.test_system_prompt_extraction.TestSystemPromptExtraction" name="test_extract_self_description_case_insensitive" time="0.001" /><testcase classname="tests.unit.services.snipers.utils.prompt_articulation.extractors.test_system_prompt_extraction.TestSystemPromptExtraction" name="test_recon_intelligence_with_explicit_system_prompt" time="0.002" /><testcase classname="tests.unit.services.snipers.utils.prompt_articulation.extractors.test_system_prompt_extraction.TestSystemPromptExtraction" name="test_recon_intelligence_extract_from_responses" time="0.001" /><testcase classname="tests.unit.services.snipers.utils.prompt_articulation.extractors.test_system_prompt_extraction.TestSystemPromptExtraction" name="test_recon_intelligence_no_system_prompt_data" time="0.002" /><testcase classname="tests.unit.services.snipers.utils.prompt_articulation.extractors.test_system_prompt_extraction.TestSystemPromptExtraction" name="test_recon_intelligence_prefers_explicit_over_extracted" time="0.001" /><testcase classname="tests.unit.services.snipers.utils.prompt_articulation.extractors.test_system_prompt_extraction.TestSystemPromptExtraction" name="test_extract_self_description_handles_non_string_responses" time="0.001" /><testcase classname="tests.integration.services.snipers.test_recon_custom_framing_integration.TestReconCustomFramingIntegration" name="test_recon_intelligence_extraction_with_system_prompt" time="0.001" /><testcase classname="tests.integration.services.snipers.test_recon_custom_framing_integration.TestReconCustomFramingIntegration" name="test_recon_intelligence_extraction_from_responses" time="0.001" /><testcase classname="tests.integration.services.snipers.test_recon_custom_framing_integration.TestReconCustomFramingIntegration" name="test_payload_context_with_recon_custom_framing" time="0.001" /><testcase classname="tests.integration.services.snipers.test_recon_custom_framing_integration.TestReconCustomFramingIntegration" name="test_recon_custom_framing_model_validation" time="0.001" /><testcase classname="tests.integration.services.snipers.test_recon_custom_framing_integration.TestReconCustomFramingIntegration" name="test_recon_custom_framing_missing_fields_raises_error" time="0.001" /><testcase classname="tests.integration.services.snipers.test_recon_custom_framing_integration.TestReconCustomFramingIntegration" name="test_multiple_patterns_for_self_description_extraction" time="0.001" /><testcase classname="tests.integration.services.snipers.test_recon_custom_framing_integration.TestReconCustomFramingIntegration" name="test_fallback_when_no_system_prompt_available" time="0.001" /><testcase classname="tests.integration.services.snipers.test_recon_custom_framing_integration.TestReconCustomFramingIntegration" name="test_explicit_target_description_takes_precedence" time="0.001" /></testsuite></testsuites>