<?xml version="1.0" encoding="utf-8"?><testsuites name="pytest tests"><testsuite name="pytest" errors="0" failures="1" skipped="0" tests="18" time="61.054" timestamp="2025-12-09T00:18:09.505250+08:00" hostname="Adonis2"><testcase classname="tests.unit.services.snipers.adaptive_attack.test_chain_discovery_agent.TestChainDiscoveryAgentInitialization" name="test_init_with_provided_agent" time="0.002" /><testcase classname="tests.unit.services.snipers.adaptive_attack.test_chain_discovery_agent.TestChainDiscoveryAgentInitialization" name="test_init_without_agent_uses_defaults" time="0.003"><failure message="AttributeError: module 'services.snipers.adaptive_attack.components' has no attribute 'chain_discovery_agent'">tests\unit\services\snipers\adaptive_attack\test_chain_discovery_agent.py:43: in test_init_without_agent_uses_defaults
    with patch("services.snipers.adaptive_attack.components.chain_discovery_agent.create_agent"):
         ^^^^^^^^^^^^^^^^^^^^^^^^^^^^^^^^^^^^^^^^^^^^^^^^^^^^^^^^^^^^^^^^^^^^^^^^^^^^^^^^^^^^^^^
        self       = &lt;adaptive_attack.test_chain_discovery_agent.TestChainDiscoveryAgentInitialization object at 0x000001B8196AF8F0&gt;
..\..\AppData\Roaming\uv\python\cpython-3.12.11-windows-x86_64-none\Lib\unittest\mock.py:1451: in __enter__
    self.target = self.getter()
                  ^^^^^^^^^^^^^
        autospec   = None
        kwargs     = {}
        new        = sentinel.DEFAULT
        new_callable = None
        self       = &lt;unittest.mock._patch object at 0x000001B818649310&gt;
        spec       = None
        spec_set   = None
..\..\AppData\Roaming\uv\python\cpython-3.12.11-windows-x86_64-none\Lib\pkgutil.py:528: in resolve_name
    result = getattr(result, p)
             ^^^^^^^^^^^^^^^^^^
E   AttributeError: module 'services.snipers.adaptive_attack.components' has no attribute 'chain_discovery_agent'
        dotted_words = '(?!\\d)(\\w+)(\\.(?!\\d)(\\w+))*'
        gd         = {'cln': None,
 'obj': None,
 'pkg': 'services.snipers.adaptive_attack.components.chain_discovery_agent'}
        m          = &lt;re.Match object; span=(0, 65), match='services.snipers.adaptive_attack.components.chain&gt;
        mod        = &lt;module 'services.snipers.adaptive_attack.components' from 'C:\\Users\\User\\Projects\\Aspexa_Automa\\services\\snipers\\adaptive_attack\\components\\__init__.py'&gt;
        modname    = 'services.snipers.adaptive_attack.components'
        name       = 'services.snipers.adaptive_attack.components.chain_discovery_agent'
        p          = 'chain_discovery_agent'
        parts      = ['chain_discovery_agent']
        re         = &lt;module 're' from 'C:\\Users\\User\\AppData\\Roaming\\uv\\python\\cpython-3.12.11-windows-x86_64-none\\Lib\\re\\__init__.py'&gt;
        result     = &lt;module 'services.snipers.adaptive_attack.components' from 'C:\\Users\\User\\Projects\\Aspexa_Automa\\services\\snipers\\adaptive_attack\\components\\__init__.py'&gt;
        s          = 'services.snipers.adaptive_attack.components.chain_discovery_agent'</failure></testcase><testcase classname="tests.unit.services.snipers.adaptive_attack.test_chain_discovery_agent.TestChainDiscoveryAgentInitialization" name="test_logger_initialized" time="0.001" /><testcase classname="tests.unit.services.snipers.adaptive_attack.test_chain_discovery_agent.TestChainDiscoveryAgentGenerate" name="test_generate_returns_valid_decision" time="0.008" /><testcase classname="tests.unit.services.snipers.adaptive_attack.test_chain_discovery_agent.TestChainDiscoveryAgentGenerate" name="test_generate_builds_user_prompt" time="0.182" /><testcase classname="tests.unit.services.snipers.adaptive_attack.test_chain_discovery_agent.TestChainDiscoveryAgentGenerate" name="test_generate_with_multiple_chains" time="0.003" /><testcase classname="tests.unit.services.snipers.adaptive_attack.test_chain_discovery_agent.TestChainDiscoveryAgentGenerate" name="test_generate_raises_on_missing_structured_response" time="0.003" /><testcase classname="tests.unit.services.snipers.adaptive_attack.test_chain_discovery_agent.TestChainDiscoveryAgentGenerate" name="test_generate_with_tried_converters" time="0.002" /><testcase classname="tests.unit.services.snipers.adaptive_attack.test_chain_discovery_agent.TestChainDiscoveryAgentValidateAndFilter" name="test_validate_valid_chains_unchanged" time="0.001" /><testcase classname="tests.unit.services.snipers.adaptive_attack.test_chain_discovery_agent.TestChainDiscoveryAgentValidateAndFilter" name="test_validate_removes_invalid_converters" time="0.001" /><testcase classname="tests.unit.services.snipers.adaptive_attack.test_chain_discovery_agent.TestChainDiscoveryAgentValidateAndFilter" name="test_validate_removes_empty_chains" time="0.001" /><testcase classname="tests.unit.services.snipers.adaptive_attack.test_chain_discovery_agent.TestChainDiscoveryAgentValidateAndFilter" name="test_validate_removes_duplicate_chains" time="0.001" /><testcase classname="tests.unit.services.snipers.adaptive_attack.test_chain_discovery_agent.TestChainDiscoveryAgentValidateAndFilter" name="test_validate_uses_fallback_when_no_chains_valid" time="0.001" /><testcase classname="tests.unit.services.snipers.adaptive_attack.test_chain_discovery_agent.TestChainDiscoveryAgentFallback" name="test_fallback_uses_untried_converter" time="0.001" /><testcase classname="tests.unit.services.snipers.adaptive_attack.test_chain_discovery_agent.TestChainDiscoveryAgentFallback" name="test_fallback_with_all_tried" time="0.001" /><testcase classname="tests.unit.services.snipers.adaptive_attack.test_chain_discovery_agent.TestChainDiscoveryAgentFallback" name="test_fallback_has_required_fields" time="0.001" /><testcase classname="tests.unit.services.snipers.adaptive_attack.test_chain_discovery_agent.TestChainDiscoveryAgentSelectBestChain" name="test_select_best_chain_by_effectiveness" time="0.002" /><testcase classname="tests.unit.services.snipers.adaptive_attack.test_chain_discovery_agent.TestChainDiscoveryAgentSelectBestChain" name="test_select_best_chain_targets_defense" time="0.002" /><testcase time="0.000" /></testsuite></testsuites>