<?xml version="1.0" encoding="utf-8"?><testsuites name="pytest tests"><testsuite name="pytest" errors="0" failures="0" skipped="0" tests="3" time="63.019" timestamp="2025-12-30T22:25:49.197759+08:00" hostname="Adonis2"><testcase classname="tests.unit.services.test_api_gateway_docs" name="test_module_docstring_google_style" time="0.002" /><testcase classname="tests.unit.services.test_api_gateway_docs" name="test_health_check_docstring_google_style" time="0.001" /><testcase classname="tests.unit.services.test_api_gateway_docs" name="test_auth_status_docstring_google_style" time="0.001" /></testsuite></testsuites>