<?xml version="1.0" encoding="utf-8"?><testsuites name="pytest tests"><testsuite name="pytest" errors="0" failures="0" skipped="0" tests="42" time="26.648" timestamp="2025-12-07T23:13:52.840746+08:00" hostname="Adonis2"><testcase classname="tests.bypass_knowledge.test_embeddings.TestDefenseFingerprint" name="test_to_embedding_text_minimal" time="0.158" /><testcase classname="tests.bypass_knowledge.test_embeddings.TestDefenseFingerprint" name="test_to_embedding_text_full" time="0.001" /><testcase classname="tests.bypass_knowledge.test_embeddings.TestDefenseFingerprint" name="test_to_embedding_text_empty_techniques" time="0.001" /><testcase classname="tests.bypass_knowledge.test_embeddings.TestDefenseFingerprint" name="test_default_values" time="0.001" /><testcase classname="tests.bypass_knowledge.test_embeddings.TestGoogleEmbedder" name="test_initializes_two_embedders" time="0.003" /><testcase classname="tests.bypass_knowledge.test_embeddings.TestGoogleEmbedder" name="test_embed_fingerprint" time="0.002" /><testcase classname="tests.bypass_knowledge.test_embeddings.TestGoogleEmbedder" name="test_embed_query" time="0.002" /><testcase classname="tests.bypass_knowledge.test_embeddings.TestGoogleEmbedder" name="test_embed_batch" time="0.002" /><testcase classname="tests.bypass_knowledge.test_embeddings.TestGoogleEmbedder" name="test_model_constant" time="0.001" /><testcase classname="tests.bypass_knowledge.test_embeddings.TestGetEmbedder" name="test_singleton_returns_same_instance" time="0.002" /><testcase classname="tests.bypass_knowledge.test_embeddings.TestGetEmbedder" name="test_singleton_creates_once" time="0.001" /><testcase classname="tests.bypass_knowledge.test_episode_store.TestEpisodeStoreConfig" name="test_default_values" time="0.001" /><testcase classname="tests.bypass_knowledge.test_episode_store.TestEpisodeStoreConfig" name="test_custom_values" time="0.001" /><testcase classname="tests.bypass_knowledge.test_episode_store.TestSimilarEpisode" name="test_similarity_bounds" time="0.001" /><testcase classname="tests.bypass_knowledge.test_episode_store.TestSimilarEpisode" name="test_similarity_at_bounds" time="0.001" /><testcase classname="tests.bypass_knowledge.test_episode_store.TestSimilarEpisode" name="test_similarity_out_of_bounds" time="0.001" /><testcase classname="tests.bypass_knowledge.test_episode_store.TestEpisodeStore" name="test_store_episode" time="0.003" /><testcase classname="tests.bypass_knowledge.test_episode_store.TestEpisodeStore" name="test_store_batch" time="0.003" /><testcase classname="tests.bypass_knowledge.test_episode_store.TestEpisodeStore" name="test_query_similar" time="0.003" /><testcase classname="tests.bypass_knowledge.test_episode_store.TestEpisodeStore" name="test_query_by_text" time="0.002" /><testcase classname="tests.bypass_knowledge.test_episode_store.TestEpisodeStore" name="test_min_similarity_filter" time="0.002" /><testcase classname="tests.bypass_knowledge.test_episode_store.TestEpisodeStore" name="test_get_episode" time="0.002" /><testcase classname="tests.bypass_knowledge.test_episode_store.TestEpisodeStore" name="test_get_episode_not_found" time="0.002" /><testcase classname="tests.bypass_knowledge.test_episode_store.TestEpisodeStore" name="test_delete_episode" time="0.002" /><testcase classname="tests.bypass_knowledge.test_episode_store.TestGetEpisodeStore" name="test_requires_config_on_first_call" time="0.002" /><testcase classname="tests.bypass_knowledge.test_episode_store.TestGetEpisodeStore" name="test_singleton_returns_same_instance" time="0.002" /><testcase classname="tests.bypass_knowledge.test_models.TestFailureDepth" name="test_enum_values" time="0.001" /><testcase classname="tests.bypass_knowledge.test_models.TestFailureDepth" name="test_string_conversion" time="0.001" /><testcase classname="tests.bypass_knowledge.test_models.TestHypothesis" name="test_create_hypothesis" time="0.001" /><testcase classname="tests.bypass_knowledge.test_models.TestHypothesis" name="test_confidence_bounds" time="0.001" /><testcase classname="tests.bypass_knowledge.test_models.TestProbeResult" name="test_create_probe" time="0.001" /><testcase classname="tests.bypass_knowledge.test_models.TestProbeResult" name="test_latency_non_negative" time="0.001" /><testcase classname="tests.bypass_knowledge.test_models.TestBypassEpisode" name="test_create_minimal_episode" time="0.001" /><testcase classname="tests.bypass_knowledge.test_models.TestBypassEpisode" name="test_episode_with_probes" time="0.001" /><testcase classname="tests.bypass_knowledge.test_models.TestBypassEpisode" name="test_episode_with_hypotheses" time="0.001" /><testcase classname="tests.bypass_knowledge.test_models.TestBypassEpisode" name="test_jailbreak_score_bounds" time="0.001" /><testcase classname="tests.bypass_knowledge.test_models.TestBypassEpisode" name="test_episode_json_serialization" time="0.001" /><testcase classname="tests.bypass_knowledge.test_models.TestTechniqueStats" name="test_create_stats" time="0.001" /><testcase classname="tests.bypass_knowledge.test_models.TestTechniqueStats" name="test_success_rate_bounds" time="0.001" /><testcase classname="tests.bypass_knowledge.test_models.TestHistoricalInsight" name="test_create_insight" time="0.001" /><testcase classname="tests.bypass_knowledge.test_models.TestHistoricalInsight" name="test_empty_insight" time="0.001" /><testcase classname="tests.bypass_knowledge.test_models.TestHistoricalInsight" name="test_insight_json_serialization" time="0.001" /></testsuite></testsuites>