<?xml version="1.0" encoding="utf-8"?><testsuites name="pytest tests"><testsuite name="pytest" errors="0" failures="0" skipped="0" tests="199" time="13.377" timestamp="2025-12-06T23:23:00.047405+08:00" hostname="Adonis2"><testcase classname="tests.unit.services.swarm.agents.test_agent_architecture.TestImports" name="test_should_import_base_agent_class" time="0.107" /><testcase classname="tests.unit.services.swarm.agents.test_agent_architecture.TestImports" name="test_should_import_probe_plan_schema" time="0.001" /><testcase classname="tests.unit.services.swarm.agents.test_agent_architecture.TestImports" name="test_should_import_sql_agent" time="0.001" /><testcase classname="tests.unit.services.swarm.agents.test_agent_architecture.TestImports" name="test_should_import_auth_agent" time="0.001" /><testcase classname="tests.unit.services.swarm.agents.test_agent_architecture.TestImports" name="test_should_import_jailbreak_agent" time="0.001" /><testcase classname="tests.unit.services.swarm.agents.test_agent_architecture.TestImports" name="test_should_import_registry" time="0.001" /><testcase classname="tests.unit.services.swarm.agents.test_agent_architecture.TestImports" name="test_should_import_factory_function" time="0.001" /><testcase classname="tests.unit.services.swarm.agents.test_agent_architecture.TestAgentRegistry" name="test_registry_should_have_all_agent_types" time="0.001" /><testcase classname="tests.unit.services.swarm.agents.test_agent_architecture.TestAgentRegistry" name="test_registry_should_map_to_agent_classes" time="0.001" /><testcase classname="tests.unit.services.swarm.agents.test_agent_architecture.TestAgentRegistry" name="test_get_agent_should_return_sql_agent" time="0.001" /><testcase classname="tests.unit.services.swarm.agents.test_agent_architecture.TestAgentRegistry" name="test_get_agent_should_return_auth_agent" time="0.001" /><testcase classname="tests.unit.services.swarm.agents.test_agent_architecture.TestAgentRegistry" name="test_get_agent_should_return_jailbreak_agent" time="0.001" /><testcase classname="tests.unit.services.swarm.agents.test_agent_architecture.TestAgentRegistry" name="test_get_agent_should_raise_error_for_unknown_type" time="0.001" /><testcase classname="tests.unit.services.swarm.agents.test_agent_architecture.TestAgentRegistry" name="test_get_agent_should_pass_kwargs_to_agent" time="0.001" /><testcase classname="tests.unit.services.swarm.agents.test_agent_architecture.TestAgentRegistry" name="test_get_agent_factory_creates_separate_instances" time="0.001" /><testcase classname="tests.unit.services.swarm.agents.test_agent_architecture.TestProbePlanSchema" name="test_probe_plan_should_have_probes_field" time="0.001" /><testcase classname="tests.unit.services.swarm.agents.test_agent_architecture.TestProbePlanSchema" name="test_probe_plan_should_have_generations_field" time="0.001" /><testcase classname="tests.unit.services.swarm.agents.test_agent_architecture.TestProbePlanSchema" name="test_probe_plan_should_validate_generations_range" time="0.001" /><testcase classname="tests.unit.services.swarm.agents.test_agent_architecture.TestProbePlanSchema" name="test_probe_plan_should_have_reasoning_field" time="0.001" /><testcase classname="tests.unit.services.swarm.agents.test_agent_architecture.TestProbePlanSchema" name="test_probe_plan_reasoning_should_default_to_empty_dict" time="0.001" /><testcase classname="tests.unit.services.swarm.agents.test_agent_architecture.TestProbePlanSchema" name="test_probe_plan_should_be_serializable" time="0.001" /><testcase classname="tests.unit.services.swarm.agents.test_agent_architecture.TestProbePlanSchema" name="test_probe_plan_should_be_deserializable" time="0.001" /><testcase classname="tests.unit.services.swarm.agents.test_agent_architecture.TestSQLAgentInterface" name="test_sql_agent_should_be_instantiable" time="0.001" /><testcase classname="tests.unit.services.swarm.agents.test_agent_architecture.TestSQLAgentInterface" name="test_sql_agent_should_have_agent_type_property" time="0.001" /><testcase classname="tests.unit.services.swarm.agents.test_agent_architecture.TestSQLAgentInterface" name="test_sql_agent_should_have_system_prompt_property" time="0.001" /><testcase classname="tests.unit.services.swarm.agents.test_agent_architecture.TestSQLAgentInterface" name="test_sql_agent_should_have_available_probes_property" time="0.001" /><testcase classname="tests.unit.services.swarm.agents.test_agent_architecture.TestSQLAgentInterface" name="test_sql_agent_should_have_plan_method" time="0.001" /><testcase classname="tests.unit.services.swarm.agents.test_agent_architecture.TestSQLAgentInterface" name="test_sql_agent_should_accept_custom_model_name" time="0.001" /><testcase classname="tests.unit.services.swarm.agents.test_agent_architecture.TestSQLAgentInterface" name="test_sql_agent_system_prompt_should_contain_required_fields" time="0.001" /><testcase classname="tests.unit.services.swarm.agents.test_agent_architecture.TestAuthAgentInterface" name="test_auth_agent_should_be_instantiable" time="0.001" /><testcase classname="tests.unit.services.swarm.agents.test_agent_architecture.TestAuthAgentInterface" name="test_auth_agent_should_have_agent_type_property" time="0.001" /><testcase classname="tests.unit.services.swarm.agents.test_agent_architecture.TestAuthAgentInterface" name="test_auth_agent_should_have_system_prompt_property" time="0.001" /><testcase classname="tests.unit.services.swarm.agents.test_agent_architecture.TestAuthAgentInterface" name="test_auth_agent_should_have_available_probes_property" time="0.001" /><testcase classname="tests.unit.services.swarm.agents.test_agent_architecture.TestAuthAgentInterface" name="test_auth_agent_should_have_plan_method" time="0.001" /><testcase classname="tests.unit.services.swarm.agents.test_agent_architecture.TestAuthAgentInterface" name="test_auth_agent_should_accept_custom_model_name" time="0.001" /><testcase classname="tests.unit.services.swarm.agents.test_agent_architecture.TestJailbreakAgentInterface" name="test_jailbreak_agent_should_be_instantiable" time="0.001" /><testcase classname="tests.unit.services.swarm.agents.test_agent_architecture.TestJailbreakAgentInterface" name="test_jailbreak_agent_should_have_agent_type_property" time="0.001" /><testcase classname="tests.unit.services.swarm.agents.test_agent_architecture.TestJailbreakAgentInterface" name="test_jailbreak_agent_should_have_system_prompt_property" time="0.001" /><testcase classname="tests.unit.services.swarm.agents.test_agent_architecture.TestJailbreakAgentInterface" name="test_jailbreak_agent_should_have_available_probes_property" time="0.001" /><testcase classname="tests.unit.services.swarm.agents.test_agent_architecture.TestJailbreakAgentInterface" name="test_jailbreak_agent_should_have_plan_method" time="0.001" /><testcase classname="tests.unit.services.swarm.agents.test_agent_architecture.TestJailbreakAgentInterface" name="test_jailbreak_agent_should_accept_custom_model_name" time="0.001" /><testcase classname="tests.unit.services.swarm.agents.test_agent_architecture.TestAgentProbeCompatibility" name="test_sql_agent_probes_should_be_non_empty" time="0.001" /><testcase classname="tests.unit.services.swarm.agents.test_agent_architecture.TestAgentProbeCompatibility" name="test_auth_agent_probes_should_be_non_empty" time="0.001" /><testcase classname="tests.unit.services.swarm.agents.test_agent_architecture.TestAgentProbeCompatibility" name="test_jailbreak_agent_probes_should_be_non_empty" time="0.001" /><testcase classname="tests.unit.services.swarm.agents.test_agent_architecture.TestAgentProbeCompatibility" name="test_different_agents_should_have_different_probes" time="0.001" /><testcase classname="tests.unit.services.swarm.agents.test_agent_architecture.TestAgentPromptFormatting" name="test_sql_agent_prompt_should_format_successfully" time="0.001" /><testcase classname="tests.unit.services.swarm.agents.test_agent_architecture.TestAgentPromptFormatting" name="test_auth_agent_prompt_should_format_successfully" time="0.001" /><testcase classname="tests.unit.services.swarm.agents.test_agent_architecture.TestAgentPromptFormatting" name="test_jailbreak_agent_prompt_should_format_successfully" time="0.001" /><testcase classname="tests.unit.services.swarm.agents.test_agent_architecture.TestAgentPromptFormatting" name="test_all_agent_prompts_should_mention_probes" time="0.001" /><testcase classname="tests.unit.services.swarm.agents.test_agent_architecture.TestAbstractInterfaceCompliance" name="test_sql_agent_cannot_be_base_agent_without_implementation" time="0.001" /><testcase classname="tests.unit.services.swarm.agents.test_agent_architecture.TestAbstractInterfaceCompliance" name="test_auth_agent_cannot_be_base_agent_without_implementation" time="0.001" /><testcase classname="tests.unit.services.swarm.agents.test_agent_architecture.TestAbstractInterfaceCompliance" name="test_jailbreak_agent_cannot_be_base_agent_without_implementation" time="0.001" /><testcase classname="tests.unit.services.swarm.agents.test_agent_architecture.TestAgentInstanceVariations" name="test_agents_should_support_default_model" time="0.001" /><testcase classname="tests.unit.services.swarm.agents.test_agent_architecture.TestAgentInstanceVariations" name="test_agents_should_support_custom_models" time="0.001" /><testcase classname="tests.unit.services.swarm.agents.test_agent_architecture.TestAgentInstanceVariations" name="test_agent_lazy_initialization_of_langchain_agent" time="0.001" /><testcase classname="tests.unit.services.swarm.agents.test_agent_architecture.TestAgentInstanceVariations" name="test_agent_types_should_be_unique" time="0.001" /><testcase classname="tests.unit.services.swarm.garak_scanner.test_detectors.TestLoadDetector" name="test_should_load_detector_by_module_path" time="0.004" /><testcase classname="tests.unit.services.swarm.garak_scanner.test_detectors.TestLoadDetector" name="test_should_add_garak_prefix_if_missing" time="0.002" /><testcase classname="tests.unit.services.swarm.garak_scanner.test_detectors.TestLoadDetector" name="test_should_handle_dotted_paths_correctly" time="0.002" /><testcase classname="tests.unit.services.swarm.garak_scanner.test_detectors.TestGetDetectorTriggers" name="test_should_include_probe_triggers_attribute" time="0.001" /><testcase classname="tests.unit.services.swarm.garak_scanner.test_detectors.TestGetDetectorTriggers" name="test_should_include_attack_rogue_string" time="0.001" /><testcase classname="tests.unit.services.swarm.garak_scanner.test_detectors.TestGetDetectorTriggers" name="test_should_add_dan_specific_triggers" time="0.001" /><testcase classname="tests.unit.services.swarm.garak_scanner.test_detectors.TestGetDetectorTriggers" name="test_should_add_promptinject_triggers" time="0.001" /><testcase classname="tests.unit.services.swarm.garak_scanner.test_detectors.TestGetDetectorTriggers" name="test_should_add_encoding_triggers" time="0.001" /><testcase classname="tests.unit.services.swarm.garak_scanner.test_detectors.TestGetDetectorTriggers" name="test_should_include_goal_if_present" time="0.001" /><testcase classname="tests.unit.services.swarm.garak_scanner.test_detectors.TestGetDetectorTriggers" name="test_should_handle_probe_without_attributes" time="0.001" /><testcase classname="tests.unit.services.swarm.garak_scanner.test_detectors.TestRunDetectorsOnAttempt" name="test_should_use_recommended_detector_from_probe" time="0.002" /><testcase classname="tests.unit.services.swarm.garak_scanner.test_detectors.TestRunDetectorsOnAttempt" name="test_should_prioritize_primary_detector" time="0.002" /><testcase classname="tests.unit.services.swarm.garak_scanner.test_detectors.TestRunDetectorsOnAttempt" name="test_should_use_extended_detectors" time="0.002" /><testcase classname="tests.unit.services.swarm.garak_scanner.test_detectors.TestRunDetectorsOnAttempt" name="test_should_use_default_detectors_fallback" time="0.002" /><testcase classname="tests.unit.services.swarm.garak_scanner.test_detectors.TestRunDetectorsOnAttempt" name="test_should_always_include_mitigation_bypass_fallback" time="0.002" /><testcase classname="tests.unit.services.swarm.garak_scanner.test_detectors.TestRunDetectorsOnAttempt" name="test_should_remove_duplicate_detectors" time="0.002" /><testcase classname="tests.unit.services.swarm.garak_scanner.test_detectors.TestRunDetectorsOnAttempt" name="test_should_return_dict_mapping_detector_to_scores" time="0.002" /><testcase classname="tests.unit.services.swarm.garak_scanner.test_detectors.TestRunDetectorsOnAttempt" name="test_should_handle_detector_load_failure_gracefully" time="0.002" /><testcase classname="tests.unit.services.swarm.garak_scanner.test_detectors.TestRunDetectorsOnAttempt" name="test_should_handle_detector_detect_failure_gracefully" time="0.001" /><testcase classname="tests.unit.services.swarm.garak_scanner.test_detectors.TestRunDetectorsOnAttempt" name="test_should_handle_multiple_detector_scores" time="0.001" /><testcase classname="tests.unit.services.swarm.garak_scanner.test_detectors.TestRunDetectorsOnAttempt" name="test_should_use_recommended_detector_list_when_provided" time="0.002" /><testcase classname="tests.unit.services.swarm.garak_scanner.test_detectors.TestRunDetectorsOnAttempt" name="test_should_maintain_detector_order_priority" time="0.002" /><testcase classname="tests.unit.services.swarm.garak_scanner.test_utils.TestBuildConversation" name="test_should_attempt_to_build_conversation_with_language_tags" time="0.001" /><testcase classname="tests.unit.services.swarm.garak_scanner.test_utils.TestBuildConversation" name="test_should_set_language_tag_on_messages" time="0.001" /><testcase classname="tests.unit.services.swarm.garak_scanner.test_utils.TestBuildConversation" name="test_should_handle_empty_strings" time="0.001" /><testcase classname="tests.unit.services.swarm.garak_scanner.test_utils.TestBuildConversation" name="test_should_handle_special_characters" time="0.001" /><testcase classname="tests.unit.services.swarm.garak_scanner.test_utils.TestBuildConversation" name="test_should_handle_message_construction_failure" time="0.001" /><testcase classname="tests.unit.services.swarm.garak_scanner.test_utils.TestBuildConversation" name="test_should_handle_long_prompts_and_outputs" time="0.001" /><testcase classname="tests.unit.services.swarm.garak_scanner.test_utils.TestBuildConversation" name="test_should_create_messages_with_attributes" time="0.001" /><testcase classname="tests.unit.services.swarm.garak_scanner.test_utils.TestEvaluateOutput" name="test_should_create_message_with_language_tag" time="0.005" /><testcase classname="tests.unit.services.swarm.garak_scanner.test_utils.TestEvaluateOutput" name="test_should_set_attempt_prompt_and_outputs" time="0.004" /><testcase classname="tests.unit.services.swarm.garak_scanner.test_utils.TestEvaluateOutput" name="test_should_set_attempt_status_to_generated" time="0.002" /><testcase classname="tests.unit.services.swarm.garak_scanner.test_utils.TestEvaluateOutput" name="test_should_build_detector_triggers_notes" time="0.002" /><testcase classname="tests.unit.services.swarm.garak_scanner.test_utils.TestEvaluateOutput" name="test_should_call_run_detectors_on_attempt" time="0.002" /><testcase classname="tests.unit.services.swarm.garak_scanner.test_utils.TestEvaluateOutput" name="test_should_determine_pass_status_for_low_scores" time="0.002" /><testcase classname="tests.unit.services.swarm.garak_scanner.test_utils.TestEvaluateOutput" name="test_should_determine_fail_status_for_high_scores" time="0.002" /><testcase classname="tests.unit.services.swarm.garak_scanner.test_utils.TestEvaluateOutput" name="test_should_use_highest_detector_score" time="0.012" /><testcase classname="tests.unit.services.swarm.garak_scanner.test_utils.TestEvaluateOutput" name="test_should_handle_empty_detector_scores" time="0.002" /><testcase classname="tests.unit.services.swarm.garak_scanner.test_utils.TestExtractPromptText" name="test_should_handle_string_input" time="0.001" /><testcase classname="tests.unit.services.swarm.garak_scanner.test_utils.TestExtractPromptText" name="test_should_extract_from_dict_with_prompt_key" time="0.001" /><testcase classname="tests.unit.services.swarm.garak_scanner.test_utils.TestExtractPromptText" name="test_should_fallback_to_string_representation" time="0.001" /><testcase classname="tests.unit.services.swarm.garak_scanner.test_utils.TestGetCategoryForProbe" name="test_should_map_dan_to_jailbreak" time="0.001" /><testcase classname="tests.unit.services.swarm.garak_scanner.test_utils.TestGetCategoryForProbe" name="test_should_map_promptinj_to_jailbreak" time="0.001" /><testcase classname="tests.unit.services.swarm.garak_scanner.test_utils.TestGetCategoryForProbe" name="test_should_map_leak_probes_to_safety_pii" time="0.001" /><testcase classname="tests.unit.services.swarm.garak_scanner.test_utils.TestGetCategoryForProbe" name="test_should_default_to_safety_pii" time="0.001" /><testcase classname="tests.unit.services.swarm.garak_scanner.test_utils.TestGetCategoryForProbe" name="test_should_be_case_insensitive" time="0.001" /><testcase classname="tests.unit.services.swarm.garak_scanner.test_utils.TestGetSeverity" name="test_should_return_critical_for_jailbreak_with_high_failure_count" time="0.001" /><testcase classname="tests.unit.services.swarm.garak_scanner.test_utils.TestGetSeverity" name="test_should_return_high_for_jailbreak_with_low_failure_count" time="0.001" /><testcase classname="tests.unit.services.swarm.garak_scanner.test_utils.TestGetSeverity" name="test_should_return_critical_for_auth_bypass_with_high_failure_count" time="0.001" /><testcase classname="tests.unit.services.swarm.garak_scanner.test_utils.TestGetSeverity" name="test_should_return_high_for_safety_with_high_failure_count" time="0.000" /><testcase classname="tests.unit.services.swarm.garak_scanner.test_utils.TestGetSeverity" name="test_should_return_medium_for_safety_with_low_failure_count" time="0.001" /><testcase classname="tests.unit.services.swarm.graph.test_check_safety" name="test_check_safety_no_policy" time="0.002" /><testcase classname="tests.unit.services.swarm.graph.test_check_safety" name="test_check_safety_sql_blocked" time="0.002" /><testcase classname="tests.unit.services.swarm.graph.test_check_safety" name="test_check_safety_auth_blocked" time="0.002" /><testcase classname="tests.unit.services.swarm.graph.test_check_safety" name="test_check_safety_jailbreak_blocked" time="0.002" /><testcase classname="tests.unit.services.swarm.graph.test_check_safety" name="test_check_safety_unrelated_vector" time="0.001" /><testcase classname="tests.unit.services.swarm.graph.test_check_safety" name="test_check_safety_emits_agent_start" time="0.001" /><testcase classname="tests.unit.services.swarm.graph.test_load_recon" name="test_load_recon_success" time="0.002" /><testcase classname="tests.unit.services.swarm.graph.test_load_recon" name="test_load_recon_with_tools" time="0.002" /><testcase classname="tests.unit.services.swarm.graph.test_load_recon" name="test_load_recon_missing_context" time="0.002" /><testcase classname="tests.unit.services.swarm.graph.test_load_recon" name="test_load_recon_invalid_blueprint" time="0.002" /><testcase classname="tests.unit.services.swarm.graph.test_load_recon" name="test_load_recon_emits_correct_events" time="0.002" /><testcase classname="tests.unit.services.swarm.graph.test_state.TestAgentResult" name="test_create_success_result" time="0.001" /><testcase classname="tests.unit.services.swarm.graph.test_state.TestAgentResult" name="test_create_failed_result" time="0.001" /><testcase classname="tests.unit.services.swarm.graph.test_state.TestAgentResult" name="test_create_blocked_result" time="0.001" /><testcase classname="tests.unit.services.swarm.graph.test_state.TestSwarmState" name="test_create_initial_state" time="0.001" /><testcase classname="tests.unit.services.swarm.graph.test_state.TestSwarmState" name="test_current_agent_property" time="0.001" /><testcase classname="tests.unit.services.swarm.graph.test_state.TestSwarmState" name="test_current_agent_returns_none_when_complete" time="0.001" /><testcase classname="tests.unit.services.swarm.graph.test_state.TestSwarmState" name="test_is_complete_property" time="0.001" /><testcase classname="tests.unit.services.swarm.graph.test_state.TestSwarmState" name="test_has_fatal_error_property" time="0.001" /><testcase classname="tests.unit.services.swarm.graph.test_state.TestSwarmState" name="test_state_with_safety_policy" time="0.001" /><testcase classname="tests.unit.services.swarm.graph.test_swarm_graph.TestRouteAfterRecon" name="test_routes_to_persist_on_fatal_error" time="0.001" /><testcase classname="tests.unit.services.swarm.graph.test_swarm_graph.TestRouteAfterRecon" name="test_routes_to_persist_when_complete" time="0.001" /><testcase classname="tests.unit.services.swarm.graph.test_swarm_graph.TestRouteAfterRecon" name="test_routes_to_check_safety_normally" time="0.001" /><testcase classname="tests.unit.services.swarm.graph.test_swarm_graph.TestRouteAfterSafety" name="test_routes_to_plan_normally" time="0.001" /><testcase classname="tests.unit.services.swarm.graph.test_swarm_graph.TestRouteAfterSafety" name="test_routes_to_check_safety_when_blocked" time="0.001" /><testcase classname="tests.unit.services.swarm.graph.test_swarm_graph.TestRouteAfterSafety" name="test_routes_to_persist_when_all_blocked" time="0.001" /><testcase classname="tests.unit.services.swarm.graph.test_swarm_graph.TestRouteAfterPlan" name="test_routes_to_execute_with_plan" time="0.001" /><testcase classname="tests.unit.services.swarm.graph.test_swarm_graph.TestRouteAfterPlan" name="test_routes_to_check_safety_without_plan" time="0.001" /><testcase classname="tests.unit.services.swarm.graph.test_swarm_graph.TestRouteAfterPlan" name="test_routes_to_persist_when_complete" time="0.001" /><testcase classname="tests.unit.services.swarm.graph.test_swarm_graph.TestRouteAfterExecute" name="test_routes_to_check_safety_for_next_agent" time="0.001" /><testcase classname="tests.unit.services.swarm.graph.test_swarm_graph.TestRouteAfterExecute" name="test_routes_to_persist_when_complete" time="0.001" /><testcase classname="tests.unit.services.swarm.graph.test_swarm_graph.TestGraphBuilding" name="test_build_swarm_graph_returns_compiled_graph" time="0.028" /><testcase classname="tests.unit.services.swarm.graph.test_swarm_graph.TestGraphBuilding" name="test_get_swarm_graph_returns_singleton" time="0.026" /><testcase classname="tests.unit.services.swarm.test_aggregator.TestParseResultsToClusters" name="test_parse_basic_results" time="0.001" /><testcase classname="tests.unit.services.swarm.test_aggregator.TestParseResultsToClusters" name="test_filter_passing_probes" time="0.001" /><testcase classname="tests.unit.services.swarm.test_aggregator.TestParseResultsToClusters" name="test_groups_by_probe_name" time="0.001" /><testcase classname="tests.unit.services.swarm.test_aggregator.TestParseResultsToClusters" name="test_affected_component_included" time="0.001" /><testcase classname="tests.unit.services.swarm.test_aggregator.TestParseResultsToClusters" name="test_cluster_id_generation" time="0.001" /><testcase classname="tests.unit.services.swarm.test_aggregator.TestParseResultsToClusters" name="test_empty_results" time="0.001" /><testcase classname="tests.unit.services.swarm.test_aggregator.TestParseResultsToClusters" name="test_all_passing_results" time="0.001" /><testcase classname="tests.unit.services.swarm.test_aggregator.TestFormatScanResults" name="test_format_empty_results" time="0.001" /><testcase classname="tests.unit.services.swarm.test_aggregator.TestFormatScanResults" name="test_format_basic_report" time="0.001" /><testcase classname="tests.unit.services.swarm.test_aggregator.TestFormatScanResults" name="test_format_groups_by_probe" time="0.001" /><testcase classname="tests.unit.services.swarm.test_aggregator.TestGetResultsSummary" name="test_summary_empty_results" time="0.001" /><testcase classname="tests.unit.services.swarm.test_aggregator.TestGetResultsSummary" name="test_summary_counts" time="0.001" /><testcase classname="tests.unit.services.swarm.test_mapping.TestGetProbesForAgent" name="test_sql_agent_returns_probes" time="0.001" /><testcase classname="tests.unit.services.swarm.test_mapping.TestGetProbesForAgent" name="test_auth_agent_returns_probes" time="0.001" /><testcase classname="tests.unit.services.swarm.test_mapping.TestGetProbesForAgent" name="test_jailbreak_agent_returns_probes" time="0.001" /><testcase classname="tests.unit.services.swarm.test_mapping.TestGetProbesForAgent" name="test_custom_probes_override_defaults" time="0.001" /><testcase classname="tests.unit.services.swarm.test_mapping.TestGetProbesForAgent" name="test_invalid_custom_probes_filtered" time="0.001" /><testcase classname="tests.unit.services.swarm.test_mapping.TestGetProbesForAgent" name="test_infrastructure_adds_extra_probes" time="0.001" /><testcase classname="tests.unit.services.swarm.test_mapping.TestGetProbesForAgent" name="test_approach_affects_probe_count" time="0.001" /><testcase classname="tests.unit.services.swarm.test_mapping.TestGetGenerationsForApproach" name="test_quick_returns_low_generations" time="0.001" /><testcase classname="tests.unit.services.swarm.test_mapping.TestGetGenerationsForApproach" name="test_standard_returns_medium_generations" time="0.001" /><testcase classname="tests.unit.services.swarm.test_mapping.TestGetGenerationsForApproach" name="test_thorough_returns_high_generations" time="0.001" /><testcase classname="tests.unit.services.swarm.test_mapping.TestGetGenerationsForApproach" name="test_thorough_more_than_quick" time="0.001" /><testcase classname="tests.unit.services.swarm.test_mapping.TestProbeMap" name="test_probe_map_has_entries" time="0.000" /><testcase classname="tests.unit.services.swarm.test_mapping.TestProbeMap" name="test_all_probes_have_garak_paths" time="0.001" /><testcase classname="tests.unit.services.swarm.test_mapping.TestProbeMap" name="test_common_probes_exist" time="0.000" /><testcase classname="tests.unit.services.swarm.test_schema_intelligence.TestAuthIntelligence" name="test_auth_intelligence_creation_with_all_fields" time="0.001" /><testcase classname="tests.unit.services.swarm.test_schema_intelligence.TestAuthIntelligence" name="test_auth_intelligence_with_defaults" time="0.001" /><testcase classname="tests.unit.services.swarm.test_schema_intelligence.TestAuthIntelligence" name="test_auth_intelligence_partial_fields" time="0.001" /><testcase classname="tests.unit.services.swarm.test_schema_intelligence.TestAuthIntelligence" name="test_auth_intelligence_serialization" time="0.001" /><testcase classname="tests.unit.services.swarm.test_schema_intelligence.TestAuthIntelligence" name="test_auth_intelligence_validation_from_dict" time="0.001" /><testcase classname="tests.unit.services.swarm.test_schema_intelligence.TestScanInput" name="test_scan_input_creation_with_all_intelligence_fields" time="0.001" /><testcase classname="tests.unit.services.swarm.test_schema_intelligence.TestScanInput" name="test_scan_input_with_defaults" time="0.001" /><testcase classname="tests.unit.services.swarm.test_schema_intelligence.TestScanInput" name="test_scan_input_serialization" time="0.001" /><testcase classname="tests.unit.services.swarm.test_schema_intelligence.TestScanInput" name="test_scan_input_validation_from_dict" time="0.001" /><testcase classname="tests.unit.services.swarm.test_schema_intelligence.TestScanContextFromScanJob" name="test_from_scan_job_extracts_all_intelligence" time="0.001" /><testcase classname="tests.unit.services.swarm.test_schema_intelligence.TestScanContextFromScanJob" name="test_from_scan_job_infrastructure_extraction" time="0.002" /><testcase classname="tests.unit.services.swarm.test_schema_intelligence.TestScanContextFromScanJob" name="test_from_scan_job_detected_tools_extraction" time="0.001" /><testcase classname="tests.unit.services.swarm.test_schema_intelligence.TestScanContextFromScanJob" name="test_from_scan_job_scan_config_conversion" time="0.002" /><testcase classname="tests.unit.services.swarm.test_schema_intelligence.TestScanContextFromScanJob" name="test_from_scan_job_target_url_override" time="0.002" /><testcase classname="tests.unit.services.swarm.test_schema_intelligence.TestScanContextFromScanJob" name="test_from_scan_job_target_url_default" time="0.001" /><testcase classname="tests.unit.services.swarm.test_schema_intelligence.TestScanContextFromScanJob" name="test_from_scan_job_with_partial_intelligence" time="0.001" /><testcase classname="tests.unit.services.swarm.test_schema_intelligence.TestScanContextFromScanJob" name="test_from_scan_job_agent_type_preserved" time="0.002" /><testcase classname="tests.unit.services.swarm.test_schema_intelligence.TestScanContextToScanInput" name="test_to_scan_input_preserves_all_fields" time="0.001" /><testcase classname="tests.unit.services.swarm.test_schema_intelligence.TestScanContextToScanInput" name="test_to_scan_input_creates_valid_model" time="0.001" /><testcase classname="tests.unit.services.swarm.test_schema_intelligence.TestScanContextToScanInput" name="test_to_scan_input_serialization_roundtrip" time="0.002" /><testcase classname="tests.unit.services.swarm.test_schema_intelligence.TestBuildPlanningInput" name="test_build_planning_input_includes_system_prompt_leaks" time="0.002" /><testcase classname="tests.unit.services.swarm.test_schema_intelligence.TestBuildPlanningInput" name="test_build_planning_input_includes_auth_intelligence" time="0.001" /><testcase classname="tests.unit.services.swarm.test_schema_intelligence.TestBuildPlanningInput" name="test_build_planning_input_includes_raw_observations" time="0.002" /><testcase classname="tests.unit.services.swarm.test_schema_intelligence.TestBuildPlanningInput" name="test_build_planning_input_includes_structured_deductions" time="0.001" /><testcase classname="tests.unit.services.swarm.test_schema_intelligence.TestBuildPlanningInput" name="test_build_planning_input_includes_infrastructure" time="0.001" /><testcase classname="tests.unit.services.swarm.test_schema_intelligence.TestBuildPlanningInput" name="test_build_planning_input_includes_detected_tools" time="0.002" /><testcase classname="tests.unit.services.swarm.test_schema_intelligence.TestBuildPlanningInput" name="test_build_planning_input_includes_user_configuration" time="0.002" /><testcase classname="tests.unit.services.swarm.test_schema_intelligence.TestBuildPlanningInput" name="test_build_planning_input_handles_missing_auth_intelligence" time="0.001" /><testcase classname="tests.unit.services.swarm.test_schema_intelligence.TestBuildPlanningInput" name="test_build_planning_input_message_format" time="0.002" /><testcase classname="tests.unit.services.swarm.test_schema_intelligence.TestBuildPlanningInput" name="test_build_planning_input_includes_allow_agent_override_instruction" time="0.002" /><testcase classname="tests.unit.services.swarm.test_schema_intelligence.TestSchemaintelligenceIntegration" name="test_full_flow_from_scan_job_to_planning_input" time="0.002" /><testcase classname="tests.unit.services.swarm.test_schema_intelligence.TestSchemaintelligenceIntegration" name="test_multiple_agents_same_blueprint" time="0.002" /><testcase classname="tests.unit.services.swarm.test_schema_intelligence.TestSchemaintelligenceIntegration" name="test_auth_intelligence_flow_through_layers" time="0.002" /></testsuite></testsuites>